<program>
 <importStmt>
  Reserved Word: import
  Reserved Word: java
  .
  Reserved Word: util
  .
  Reserved Word: Scanner
  ;
  ... node has no more children
 Reserved Word: class
 IDENTIFIER: CS316ex8  [not in symbol table]
 {
 <dataFieldDecl>
  Reserved Word: static
  <varDecl>
   Reserved Word: int
   <singleVarDecl>
    IDENTIFIER: i  [not in symbol table]
    ... node has no more children
   ;
   ... node has no more children
  ... node has no more children
 <mainDecl>
  Reserved Word: public
  Reserved Word: static
  Reserved Word: void
  Reserved Word: main
  (
  Reserved Word: String
  IDENTIFIER: args  [not in symbol table]
  [
  ]
  )
  *** Generating:  0:      INITSTKFRM        ?
  <compoundStmt>
   {
   <statement>
    <varDecl>
     Reserved Word: Scanner
     IDENTIFIER: KB  [local Scanner]
     =
     Reserved Word: new
     Reserved Word: Scanner
     (
     Reserved Word: System
     .
     Reserved Word: in
     )
     ;
     ... node has no more children
    ... node has no more children
   <statement>
    <outputStmt>
     Reserved Word: System
     .
     Reserved Word: out
     .
     Reserved Word: print
     (
     <printArgument>
      <expr3>
       <expr2>
        <expr1>
         UNSIGNED INTEGER LITERAL: 9999
         *** Generating:  1:      PUSHNUM           9999
         ... node has no more children
        ... node has no more children
       ... node has no more children
      *** Generating:  2:      WRITEINT
      ... node has no more children
     )
     ;
     ... node has no more children
    ... node has no more children
   <statement>
    <outputStmt>
     Reserved Word: System
     .
     Reserved Word: out
     .
     Reserved Word: println
     (
     <printArgument>
      CHARACTER STRING LITERAL: " quits"
      *** Generating:  3:      WRITESTRING       1     6
      ... node has no more children
     *** Generating:  4:      WRITELNOP
     )
     ;
     ... node has no more children
    ... node has no more children
   <statement>
    <outputStmt>
     Reserved Word: System
     .
     Reserved Word: out
     .
     Reserved Word: print
     (
     <printArgument>
      CHARACTER STRING LITERAL: "Enter a non-negative integer: "
      *** Generating:  5:      WRITESTRING       7     36
      ... node has no more children
     )
     ;
     ... node has no more children
    ... node has no more children
   <statement>
    <assignmentOrInvoc>
     IDENTIFIER: i  [static var (address = 0)]
     *** Generating:  6:      PUSHSTATADDR      0
     =
     <expr3>
      <expr2>
       <expr1>
        IDENTIFIER: KB  [local Scanner]
        .
        Reserved Word: nextInt
        (
        )
        *** Generating:  7:      READINT
        ... node has no more children
       ... node has no more children
      ... node has no more children
     *** Generating:  8:      SAVETOADDR
     ;
     ... node has no more children
    ... node has no more children
   <statement>
    <whileStmt>
     Reserved Word: while
     (
     <expr7>
      <expr6>
       <expr5>
        <expr4>
         <expr3>
          <expr2>
           <expr1>
            IDENTIFIER: i  [static var (address = 0)]
            *** Generating:  9:      PUSHSTATADDR      0
            *** Generating:  10:     LOADFROMADDR
            ... node has no more children
           ... node has no more children
          ... node has no more children
         ... node has no more children
        !=
        <expr4>
         <expr3>
          <expr2>
           <expr1>
            UNSIGNED INTEGER LITERAL: 9999
            *** Generating:  11:     PUSHNUM           9999
            ... node has no more children
           ... node has no more children
          ... node has no more children
         ... node has no more children
        *** Generating:  12:     NE
        ... node has no more children
       ... node has no more children
      ... node has no more children
     *** Generating:  13:     JUMPONFALSE       ?
     )
     <statement>
      <compoundStmt>
       {
       <statement>
        <outputStmt>
         Reserved Word: System
         .
         Reserved Word: out
         .
         Reserved Word: println
         (
         <printArgument>
          <expr3>
           <expr2>
            <expr1>
             IDENTIFIER: ninetyOne  [not in symbol table]
             <argumentList>
              (
              <expr3>
               <expr2>
                <expr1>
                 IDENTIFIER: i  [static var (address = 0)]
                 *** Generating:  14:     PUSHSTATADDR      0
                 *** Generating:  15:     LOADFROMADDR
                 ... node has no more children
                ... node has no more children
               ... node has no more children
              *** Generating:  16:     PASSPARAM
              )
              ... node has no more children
             *** Generating:  17:     CALLSTATMETHOD    ?
             ... node has no more children
            ... node has no more children
           ... node has no more children
          *** Generating:  18:     WRITEINT
          ... node has no more children
         *** Generating:  19:     WRITELNOP
         )
         ;
         ... node has no more children
        ... node has no more children
       <statement>
        <outputStmt>
         Reserved Word: System
         .
         Reserved Word: out
         .
         Reserved Word: println
         (
         )
         ;
         ... node has no more children
        ... node has no more children
       <statement>
        <outputStmt>
         Reserved Word: System
         .
         Reserved Word: out
         .
         Reserved Word: print
         (
         <printArgument>
          <expr3>
           <expr2>
            <expr1>
             UNSIGNED INTEGER LITERAL: 9999
             *** Generating:  20:     PUSHNUM           9999
             ... node has no more children
            ... node has no more children
           ... node has no more children
          *** Generating:  21:     WRITEINT
          ... node has no more children
         )
         ;
         ... node has no more children
        ... node has no more children
       <statement>
        <outputStmt>
         Reserved Word: System
         .
         Reserved Word: out
         .
         Reserved Word: println
         (
         <printArgument>
          CHARACTER STRING LITERAL: " quits"
          *** Generating:  22:     WRITESTRING       37    42
          ... node has no more children
         *** Generating:  23:     WRITELNOP
         )
         ;
         ... node has no more children
        ... node has no more children
       <statement>
        <outputStmt>
         Reserved Word: System
         .
         Reserved Word: out
         .
         Reserved Word: print
         (
         <printArgument>
          CHARACTER STRING LITERAL: "Enter a non-negative integer: "
          *** Generating:  24:     WRITESTRING       43    72
          ... node has no more children
         )
         ;
         ... node has no more children
        ... node has no more children
       <statement>
        <assignmentOrInvoc>
         IDENTIFIER: i  [static var (address = 0)]
         *** Generating:  25:     PUSHSTATADDR      0
         =
         <expr3>
          <expr2>
           <expr1>
            IDENTIFIER: KB  [local Scanner]
            .
            Reserved Word: nextInt
            (
            )
            *** Generating:  26:     READINT
            ... node has no more children
           ... node has no more children
          ... node has no more children
         *** Generating:  27:     SAVETOADDR
         ;
         ... node has no more children
        ... node has no more children
       }
       ... node has no more children
      ... node has no more children
     *** Generating:  28:     JUMP              9
     *** Fixed Up:  13:     JUMPONFALSE       29
     ... node has no more children
    ... node has no more children
   }
   ... node has no more children
  *** Fixed Up:  0:      INITSTKFRM        0
  *** Generating:  29:     STOP
  ... node has no more children
 <methodDecl>
  Reserved Word: static
  Reserved Word: int
  *** Fixed Up:  17:     CALLSTATMETHOD    30
  *** Generating:  30:     INITSTKFRM        ?
  IDENTIFIER: ninetyOne  [method (start address = 30)]
  (
  <parameterDeclList>
   <parameterDecl>
    Reserved Word: int
    IDENTIFIER: n  [not in symbol table]
    ... node has no more children
   ... node has no more children
  )
  <compoundStmt>
   {
   <statement>
    <ifStmt>
     Reserved Word: if
     (
     <expr7>
      <expr6>
       <expr5>
        <expr4>
         <expr3>
          <expr2>
           <expr1>
            IDENTIFIER: n  [local var (stackframe offset = -2)]
            *** Generating:  31:     PUSHLOCADDR       -2
            *** Generating:  32:     LOADFROMADDR
            ... node has no more children
           ... node has no more children
          ... node has no more children
         >
         <expr3>
          <expr2>
           <expr1>
            UNSIGNED INTEGER LITERAL: 100
            *** Generating:  33:     PUSHNUM           100
            ... node has no more children
           ... node has no more children
          ... node has no more children
         *** Generating:  34:     GT
         ... node has no more children
        ... node has no more children
       ... node has no more children
      ... node has no more children
     )
     *** Generating:  35:     JUMPONFALSE       ?
     <statement>
      Reserved Word: return
      <expr3>
       <expr2>
        <expr1>
         IDENTIFIER: n  [local var (stackframe offset = -2)]
         *** Generating:  36:     PUSHLOCADDR       -2
         *** Generating:  37:     LOADFROMADDR
         ... node has no more children
        ... node has no more children
       -
       <expr2>
        <expr1>
         UNSIGNED INTEGER LITERAL: 10
         *** Generating:  38:     PUSHNUM           10
         ... node has no more children
        ... node has no more children
       *** Generating:  39:     SUB
       ... node has no more children
      *** Generating:  40:     RETURN            1
      ;
      ... node has no more children
     Reserved Word: else
     *** Generating:  41:     JUMP              ?
     *** Fixed Up:  35:     JUMPONFALSE       42
     <statement>
      Reserved Word: return
      <expr3>
       <expr2>
        <expr1>
         IDENTIFIER: ninetyOne  [method (start address = 30)]
         <argumentList>
          (
          <expr3>
           <expr2>
            <expr1>
             IDENTIFIER: ninetyOne  [method (start address = 30)]
             <argumentList>
              (
              <expr3>
               <expr2>
                <expr1>
                 IDENTIFIER: n  [local var (stackframe offset = -2)]
                 *** Generating:  42:     PUSHLOCADDR       -2
                 *** Generating:  43:     LOADFROMADDR
                 ... node has no more children
                ... node has no more children
               +
               <expr2>
                <expr1>
                 UNSIGNED INTEGER LITERAL: 11
                 *** Generating:  44:     PUSHNUM           11
                 ... node has no more children
                ... node has no more children
               *** Generating:  45:     ADD
               ... node has no more children
              *** Generating:  46:     PASSPARAM
              )
              ... node has no more children
             *** Generating:  47:     CALLSTATMETHOD    30
             ... node has no more children
            ... node has no more children
           ... node has no more children
          *** Generating:  48:     PASSPARAM
          )
          ... node has no more children
         *** Generating:  49:     CALLSTATMETHOD    30
         ... node has no more children
        ... node has no more children
       ... node has no more children
      *** Generating:  50:     RETURN            1
      ;
      ... node has no more children
     *** Fixed Up:  41:     JUMP              51
     ... node has no more children
    ... node has no more children
   }
   ... node has no more children
  *** Fixed Up:  30:     INITSTKFRM        0
  ... node has no more children
 }
 ... node has no more children



Instructions Generated:

0:      INITSTKFRM        0
1:      PUSHNUM           9999
2:      WRITEINT
3:      WRITESTRING       1     6
4:      WRITELNOP
5:      WRITESTRING       7     36
6:      PUSHSTATADDR      0
7:      READINT
8:      SAVETOADDR
9:      PUSHSTATADDR      0
10:     LOADFROMADDR
11:     PUSHNUM           9999
12:     NE
13:     JUMPONFALSE       29
14:     PUSHSTATADDR      0
15:     LOADFROMADDR
16:     PASSPARAM
17:     CALLSTATMETHOD    30
18:     WRITEINT
19:     WRITELNOP
20:     PUSHNUM           9999
21:     WRITEINT
22:     WRITESTRING       37    42
23:     WRITELNOP
24:     WRITESTRING       43    72
25:     PUSHSTATADDR      0
26:     READINT
27:     SAVETOADDR
28:     JUMP              9
29:     STOP
30:     INITSTKFRM        0
31:     PUSHLOCADDR       -2
32:     LOADFROMADDR
33:     PUSHNUM           100
34:     GT
35:     JUMPONFALSE       42
36:     PUSHLOCADDR       -2
37:     LOADFROMADDR
38:     PUSHNUM           10
39:     SUB
40:     RETURN            1
41:     JUMP              51
42:     PUSHLOCADDR       -2
43:     LOADFROMADDR
44:     PUSHNUM           11
45:     ADD
46:     PASSPARAM
47:     CALLSTATMETHOD    30
48:     PASSPARAM
49:     CALLSTATMETHOD    30
50:     RETURN            1



Data memory dump

  Data memory--addresses 0 to top of stack, and allocated heap locations:
  0: 0 = Ctrl-@
  1: 32 = ' '
  2: 113 = 'q'
  3: 117 = 'u'
  4: 105 = 'i'
  5: 116 = 't'
  6: 115 = 's'
  7: 69 = 'E'
  8: 110 = 'n'
  9: 116 = 't'
  10: 101 = 'e'
  11: 114 = 'r'
  12: 32 = ' '
  13: 97 = 'a'
  14: 32 = ' '
  15: 110 = 'n'
  16: 111 = 'o'
  17: 110 = 'n'
  18: 45 = '-'
  19: 110 = 'n'
  20: 101 = 'e'
  21: 103 = 'g'
  22: 97 = 'a'
  23: 116 = 't'
  24: 105 = 'i'
  25: 118 = 'v'
  26: 101 = 'e'
  27: 32 = ' '
  28: 105 = 'i'
  29: 110 = 'n'
  30: 116 = 't'
  31: 101 = 'e'
  32: 103 = 'g'
  33: 101 = 'e'
  34: 114 = 'r'
  35: 58 = ':'
  36: 32 = ' '
  37: 32 = ' '
  38: 113 = 'q'
  39: 117 = 'u'
  40: 105 = 'i'
  41: 116 = 't'
  42: 115 = 's'
  43: 69 = 'E'
  44: 110 = 'n'
  45: 116 = 't'
  46: 101 = 'e'
  47: 114 = 'r'
  48: 32 = ' '
  49: 97 = 'a'
  50: 32 = ' '
  51: 110 = 'n'
  52: 111 = 'o'
  53: 110 = 'n'
  54: 45 = '-'
  55: 110 = 'n'
  56: 101 = 'e'
  57: 103 = 'g'
  58: 97 = 'a'
  59: 116 = 't'
  60: 105 = 'i'
  61: 118 = 'v'
  62: 101 = 'e'
  63: 32 = ' '
  64: 105 = 'i'
  65: 110 = 'n'
  66: 116 = 't'
  67: 101 = 'e'
  68: 103 = 'g'
  69: 101 = 'e'
  70: 114 = 'r'
  71: 58 = ':'
  72: 32 = ' '

  PC=0  ESP=0  FP=<not in use>  ASP= POINTER TO 73
  HP= POINTER TO 10000  HMAX= POINTER TO 15000

  No instructions executed.

  Expression evaluation stack: <empty>

